<?xml version="1.0" encoding="UTF-8"?>
<!-- Generated by org.testng.reporters.JUnitReportReporter -->
<testsuite hostname="DESKTOP-CPG5TUI" failures="0" tests="1" name="com.GuestUserWith_Minicart_Paypal.tc__ProductSetForGuestUser_InMC_Paypal" time="56.974" errors="0" timestamp="2023-09-15T14:26:18 IST" skipped="0">
  <testcase classname="com.GuestUserWith_Minicart_Paypal.tc__ProductSetForGuestUser_InMC_Paypal" name="productSet" time="56.974"/>
  <system-out/>
</testsuite> <!-- com.GuestUserWith_Minicart_Paypal.tc__ProductSetForGuestUser_InMC_Paypal -->
