<?xml version="1.0" encoding="UTF-8"?>
<!-- Generated by org.testng.reporters.JUnitReportReporter -->
<testsuite hostname="DESKTOP-CPG5TUI" failures="0" tests="4" name="com.providio.Validations.tc__HomePageValidation" time="66.677" errors="0" timestamp="2023-09-15T13:21:53 IST" skipped="0">
  <testcase classname="com.providio.Validations.tc__HomePageValidation" name="homepageUrl" time="4.793"/>
  <system-out/>
  <testcase classname="com.providio.Validations.tc__HomePageValidation" name="searchFunctionality" time="41.617"/>
  <system-out/>
  <testcase classname="com.providio.Validations.tc__HomePageValidation" name="wishlistAndHomePageFunctionality" time="16.155"/>
  <system-out/>
  <testcase classname="com.providio.Validations.tc__HomePageValidation" name="scrollUpButton" time="4.112"/>
  <system-out/>
</testsuite> <!-- com.providio.Validations.tc__HomePageValidation -->
