<?xml version="1.0" encoding="UTF-8"?>
<!-- Generated by org.testng.reporters.JUnitReportReporter -->
<testsuite hostname="DESKTOP-CPG5TUI" failures="0" tests="1" name="com.GuestUserWith_GcAndPaypal.tc__PickUpStore_Guest_InGcAndPaypal" time="95.535" errors="0" timestamp="2023-09-14T22:12:26 IST" skipped="0">
  <testcase classname="com.GuestUserWith_GcAndPaypal.tc__PickUpStore_Guest_InGcAndPaypal" name="paypalFromCheckoutPage" time="95.535"/>
  <system-out/>
</testsuite> <!-- com.GuestUserWith_GcAndPaypal.tc__PickUpStore_Guest_InGcAndPaypal -->
