<?xml version="1.0" encoding="UTF-8"?>
<!-- Generated by org.testng.reporters.JUnitReportReporter -->
<testsuite hostname="DESKTOP-CPG5TUI" failures="0" tests="1" name="com.GuestUserWith_Minicart_Paypal.tc__BundleProductForGuestUser_InMC_Paypal" time="89.876" errors="0" timestamp="2023-09-15T17:14:17 IST" skipped="0">
  <testcase classname="com.GuestUserWith_Minicart_Paypal.tc__BundleProductForGuestUser_InMC_Paypal" name="bundleProduct" time="89.876"/>
  <system-out/>
</testsuite> <!-- com.GuestUserWith_Minicart_Paypal.tc__BundleProductForGuestUser_InMC_Paypal -->
