<?xml version="1.0" encoding="UTF-8"?>
<!-- Generated by org.testng.reporters.JUnitReportReporter -->
<testsuite hostname="DESKTOP-CPG5TUI" failures="0" tests="1" name="com.GuestUserWith_Minicart_Paypal.tc__Bundle_GcAndAllPromotions_Guest_InMC_Paypal" time="54.382" errors="0" timestamp="2023-09-15T17:14:17 IST" skipped="0">
  <testcase classname="com.GuestUserWith_Minicart_Paypal.tc__Bundle_GcAndAllPromotions_Guest_InMC_Paypal" name="bundle_GcAndAllPromotions" time="54.382"/>
  <system-out/>
</testsuite> <!-- com.GuestUserWith_Minicart_Paypal.tc__Bundle_GcAndAllPromotions_Guest_InMC_Paypal -->
