<?xml version="1.0" encoding="UTF-8"?>
<!-- Generated by org.testng.reporters.JUnitReportReporter -->
<testsuite hostname="DESKTOP-CPG5TUI" failures="0" tests="1" name="com.GuestUserWith_GcAndPaypal.tc__SimpleProductsAndBundle_Gc_InGcAndPaypal" time="94.516" errors="0" timestamp="2023-09-14T22:12:26 IST" skipped="0">
  <testcase classname="com.GuestUserWith_GcAndPaypal.tc__SimpleProductsAndBundle_Gc_InGcAndPaypal" name="simpleProducts_Bundle_Gc" time="94.516"/>
  <system-out/>
</testsuite> <!-- com.GuestUserWith_GcAndPaypal.tc__SimpleProductsAndBundle_Gc_InGcAndPaypal -->
