<?xml version="1.0" encoding="UTF-8"?>
<!-- Generated by org.testng.reporters.JUnitReportReporter -->
<testsuite hostname="DESKTOP-CPG5TUI" failures="0" tests="1" name="com.GuestUserWith_Minicart_Paypal.tc__PickUpStore_Guest_InMC_Paypal" time="61.371" errors="0" timestamp="2023-09-15T17:14:17 IST" skipped="0">
  <testcase classname="com.GuestUserWith_Minicart_Paypal.tc__PickUpStore_Guest_InMC_Paypal" name="paypalFromCheckoutPage" time="61.371"/>
  <system-out/>
</testsuite> <!-- com.GuestUserWith_Minicart_Paypal.tc__PickUpStore_Guest_InMC_Paypal -->
